<?xml version="1.0" encoding="UTF-8"?>
<!-- Generated by org.testng.reporters.JUnitXMLReporter -->
<testsuite ignored="0" hostname="LAPTOP-P34KGOJ0" failures="0" tests="2" name="Surefire test" time="3.379" errors="0" timestamp="05 feb 2020 01:41:56 GMT">
  <testcase classname="edu.udacity.java.nano.WebSocketChatApplicationTest" name="joinUser on joinUser(edu.udacity.java.nano.WebSocketChatApplicationTest)" time="3.115"/>
  <testcase classname="edu.udacity.java.nano.WebSocketChatApplicationTest" name="login on login(edu.udacity.java.nano.WebSocketChatApplicationTest)" time="3.145"/>
</testsuite> <!-- Surefire test -->
