-------------------------------------------------------------------------------
Test set: edu.udacity.java.nano.WebSocketTest
-------------------------------------------------------------------------------
Tests run: 1, Failures: 0, Errors: 1, Skipped: 0, Time elapsed: 5.089 s <<< FAILURE! - in edu.udacity.java.nano.WebSocketTest
shouldReceiveAMessageFromTheServer(edu.udacity.java.nano.WebSocketTest)  Time elapsed: 0.001 s  <<< ERROR!
java.lang.IllegalStateException: Failed to load ApplicationContext
Caused by: org.springframework.beans.factory.UnsatisfiedDependencyException: Error creating bean with name 'org.springframework.web.socket.config.annotation.DelegatingWebSocketConfiguration': Unsatisfied dependency expressed through method 'setConfigurers' parameter 0; nested exception is org.springframework.beans.factory.UnsatisfiedDependencyException: Error creating bean with name 'edu.udacity.java.nano.WebSocketTest$TestConfig': Unsatisfied dependency expressed through constructor parameter 0; nested exception is org.springframework.beans.factory.NoSuchBeanDefinitionException: No qualifying bean of type 'edu.udacity.java.nano.WebSocketTest' available: expected at least 1 bean which qualifies as autowire candidate. Dependency annotations: {}
Caused by: org.springframework.beans.factory.UnsatisfiedDependencyException: Error creating bean with name 'edu.udacity.java.nano.WebSocketTest$TestConfig': Unsatisfied dependency expressed through constructor parameter 0; nested exception is org.springframework.beans.factory.NoSuchBeanDefinitionException: No qualifying bean of type 'edu.udacity.java.nano.WebSocketTest' available: expected at least 1 bean which qualifies as autowire candidate. Dependency annotations: {}
Caused by: org.springframework.beans.factory.NoSuchBeanDefinitionException: No qualifying bean of type 'edu.udacity.java.nano.WebSocketTest' available: expected at least 1 bean which qualifies as autowire candidate. Dependency annotations: {}

