<?xml version="1.0" encoding="UTF-8"?>
<testng-results ignored="0" total="2" passed="2" failed="0" skipped="0">
  <reporter-output>
    <line>
      <![CDATA[<div style="display:block;margin-left:10px;"></div>]]>
    </line>
    <line>
      <![CDATA[<div style="display:block;margin-left:10px;"></div>]]>
    </line>
  </reporter-output>
  <suite started-at="2020-02-05T01:41:53Z" name="Surefire suite" finished-at="2020-02-05T01:41:56Z" duration-ms="3379">
    <groups>
    </groups>
    <test started-at="2020-02-05T01:41:53Z" name="Surefire test" finished-at="2020-02-05T01:41:56Z" duration-ms="3379">
      <class name="edu.udacity.java.nano.WebSocketChatApplicationTest">
        <test-method signature="joinUser() throws java.lang.Exception" started-at="2020-02-04T19:41:53Z" name="joinUser" finished-at="2020-02-04T19:41:56Z" duration-ms="3115" status="PASS">
          <reporter-output>
            <line>
              <![CDATA[<div style="display:block;margin-left:10px;"></div>]]>
            </line>
          </reporter-output>
        </test-method> <!-- joinUser -->
        <test-method signature="login() throws java.lang.Exception" started-at="2020-02-04T19:41:53Z" name="login" finished-at="2020-02-04T19:41:56Z" duration-ms="3145" status="PASS">
          <reporter-output>
            <line>
              <![CDATA[<div style="display:block;margin-left:10px;"></div>]]>
            </line>
          </reporter-output>
        </test-method> <!-- login -->
      </class> <!-- edu.udacity.java.nano.WebSocketChatApplicationTest -->
    </test> <!-- Surefire test -->
  </suite> <!-- Surefire suite -->
</testng-results>
